app/build/intermediates/manifest_merge_blame_file/debug/processDebugMainManifest/manifest-merger-blame-debug-report.txt
1<?xml version="1.0" encoding="utf-8"?>
2<manifest xmlns:android="http://schemas.android.com/apk/res/android"
3    package="com.teamihc.inventas"
4    android:versionCode="1"
5    android:versionName="1.0" >
6
7    <uses-sdk
8        android:minSdkVersion="23"
9        android:targetSdkVersion="34" />
10
11    <uses-feature
11-->src\main\AndroidManifest.xml:4:5-5:35
12        android:name="android.hardware.camera"
12-->src\main\AndroidManifest.xml:4:19-57
13        android:required="false" />
13-->src\main\AndroidManifest.xml:5:9-33
14
15    <application
15-->src\main\AndroidManifest.xml:7:5-53:19
16        android:allowBackup="true"
16-->src\main\AndroidManifest.xml:8:9-35
17        android:appComponentFactory="androidx.core.app.CoreComponentFactory"
17-->[androidx.core:core:1.3.1] AndroidManifest.xml:24:18-86
18        android:debuggable="true"
19        android:extractNativeLibs="false"
20        android:icon="@drawable/icono_con_fondo"
20-->src\main\AndroidManifest.xml:9:9-49
21        android:label="@string/app_name"
21-->src\main\AndroidManifest.xml:10:9-41
22        android:roundIcon="@drawable/icono_sin_fondo"
22-->src\main\AndroidManifest.xml:11:9-54
23        android:supportsRtl="true"
23-->src\main\AndroidManifest.xml:12:9-35
24        android:testOnly="true"
25        android:theme="@style/Theme.InVentas" >
25-->src\main\AndroidManifest.xml:13:9-46
26        <activity
26-->src\main\AndroidManifest.xml:14:9-16:69
27            android:name="com.teamihc.inventas.activities.HistorialTasaActivity"
27-->src\main\AndroidManifest.xml:15:13-61
28            android:parentActivityName="com.teamihc.inventas.activities.MainActivity" />
28-->src\main\AndroidManifest.xml:16:13-66
29        <activity
29-->src\main\AndroidManifest.xml:17:9-19:69
30            android:name="com.teamihc.inventas.activities.HistorialVentasActivity"
30-->src\main\AndroidManifest.xml:18:13-63
31            android:parentActivityName="com.teamihc.inventas.activities.MainActivity" />
31-->src\main\AndroidManifest.xml:19:13-66
32        <activity
32-->src\main\AndroidManifest.xml:20:9-22:72
33            android:name="com.teamihc.inventas.activities.CarritoActivity"
33-->src\main\AndroidManifest.xml:21:13-55
34            android:parentActivityName="com.teamihc.inventas.activities.CarritoActivity" />
34-->src\main\AndroidManifest.xml:22:13-69
35        <activity
35-->src\main\AndroidManifest.xml:23:9-25:69
36            android:name="com.teamihc.inventas.activities.FacturaActivity"
36-->src\main\AndroidManifest.xml:24:13-55
37            android:parentActivityName="com.teamihc.inventas.activities.MainActivity" />
37-->src\main\AndroidManifest.xml:25:13-66
38        <activity
38-->src\main\AndroidManifest.xml:26:9-28:69
39            android:name="com.teamihc.inventas.activities.CrearProductoActivity"
39-->src\main\AndroidManifest.xml:27:13-61
40            android:parentActivityName="com.teamihc.inventas.activities.MainActivity" />
40-->src\main\AndroidManifest.xml:28:13-66
41        <activity
41-->src\main\AndroidManifest.xml:29:9-36:20
42            android:name="com.teamihc.inventas.activities.MainActivity"
42-->src\main\AndroidManifest.xml:30:13-52
43            android:exported="true" >
43-->src\main\AndroidManifest.xml:31:13-36
44            <intent-filter>
44-->src\main\AndroidManifest.xml:32:13-35:29
45                <action android:name="android.intent.action.MAIN" />
45-->src\main\AndroidManifest.xml:33:17-69
45-->src\main\AndroidManifest.xml:33:25-66
46
47                <category android:name="android.intent.category.LAUNCHER" />
47-->src\main\AndroidManifest.xml:34:17-77
47-->src\main\AndroidManifest.xml:34:27-74
48            </intent-filter>
49        </activity>
50
51        <meta-data
51-->src\main\AndroidManifest.xml:38:9-40:57
52            android:name="preloaded_fonts"
52-->src\main\AndroidManifest.xml:39:13-43
53            android:resource="@array/preloaded_fonts" />
53-->src\main\AndroidManifest.xml:40:13-54
54
55        <provider
55-->src\main\AndroidManifest.xml:42:9-51:20
56            android:name="androidx.core.content.FileProvider"
56-->src\main\AndroidManifest.xml:43:13-62
57            android:authorities="com.teamihc.inventas.android.fileprovider"
57-->src\main\AndroidManifest.xml:44:13-76
58            android:exported="false"
58-->src\main\AndroidManifest.xml:45:13-37
59            android:grantUriPermissions="true" >
59-->src\main\AndroidManifest.xml:46:13-47
60            <meta-data
60-->src\main\AndroidManifest.xml:47:13-50:25
61                android:name="android.support.FILE_PROVIDER_PATHS"
61-->src\main\AndroidManifest.xml:48:17-67
62                android:resource="@xml/file_paths" >
62-->src\main\AndroidManifest.xml:49:17-51
63            </meta-data>
64        </provider>
65    </application>
66
67</manifest>